{"/Users/mathieubobin/Documents/Place handicapée/lyon-pmr/src/api/ban.ts": {"path":"/Users/mathieubobin/Documents/Place handicapée/lyon-pmr/src/api/ban.ts","statementMap":{"0":{"start":{"line":3,"column":16},"end":{"line":3,"column":null}},"1":{"start":{"line":7,"column":2},"end":{"line":7,"column":null}},"2":{"start":{"line":7,"column":31},"end":{"line":7,"column":null}},"3":{"start":{"line":9,"column":14},"end":{"line":9,"column":30}},"4":{"start":{"line":10,"column":2},"end":{"line":10,"column":null}},"5":{"start":{"line":11,"column":2},"end":{"line":11,"column":null}},"6":{"start":{"line":12,"column":2},"end":{"line":12,"column":null}},"7":{"start":{"line":14,"column":2},"end":{"line":32,"column":null}},"8":{"start":{"line":15,"column":16},"end":{"line":15,"column":55}},"9":{"start":{"line":16,"column":4},"end":{"line":16,"column":null}},"10":{"start":{"line":16,"column":17},"end":{"line":16,"column":null}},"11":{"start":{"line":17,"column":17},"end":{"line":17,"column":33}},"12":{"start":{"line":19,"column":4},"end":{"line":30,"column":null}},"13":{"start":{"line":21,"column":36},"end":{"line":29,"column":null}},"14":{"start":{"line":32,"column":4},"end":{"line":32,"column":null}}},"fnMap":{"0":{"name":"searchAddress","decl":{"start":{"line":6,"column":22},"end":{"line":6,"column":36}},"loc":{"start":{"line":6,"column":101},"end":{"line":32,"column":null}},"line":6},"1":{"name":"(anonymous_1)","decl":{"start":{"line":21,"column":7},"end":{"line":21,"column":36}},"loc":{"start":{"line":21,"column":36},"end":{"line":29,"column":null}},"line":21}},"branchMap":{"0":{"loc":{"start":{"line":7,"column":2},"end":{"line":7,"column":null}},"type":"if","locations":[{"start":{"line":7,"column":2},"end":{"line":7,"column":null}},{"start":{},"end":{}}],"line":7},"1":{"loc":{"start":{"line":16,"column":4},"end":{"line":16,"column":null}},"type":"if","locations":[{"start":{"line":16,"column":4},"end":{"line":16,"column":null}},{"start":{},"end":{}}],"line":16},"2":{"loc":{"start":{"line":19,"column":12},"end":{"line":19,"column":31}},"type":"binary-expr","locations":[{"start":{"line":19,"column":12},"end":{"line":19,"column":29}},{"start":{"line":19,"column":29},"end":{"line":19,"column":31}}],"line":19},"3":{"loc":{"start":{"line":22,"column":21},"end":{"line":22,"column":null}},"type":"binary-expr","locations":[{"start":{"line":22,"column":21},"end":{"line":22,"column":44}},{"start":{"line":22,"column":44},"end":{"line":22,"column":null}}],"line":22},"4":{"loc":{"start":{"line":23,"column":21},"end":{"line":23,"column":null}},"type":"binary-expr","locations":[{"start":{"line":23,"column":21},"end":{"line":23,"column":44}},{"start":{"line":23,"column":44},"end":{"line":23,"column":null}}],"line":23},"5":{"loc":{"start":{"line":24,"column":21},"end":{"line":24,"column":null}},"type":"binary-expr","locations":[{"start":{"line":24,"column":21},"end":{"line":24,"column":44}},{"start":{"line":24,"column":44},"end":{"line":24,"column":null}}],"line":24},"6":{"loc":{"start":{"line":26,"column":15},"end":{"line":26,"column":null}},"type":"binary-expr","locations":[{"start":{"line":26,"column":15},"end":{"line":26,"column":47}},{"start":{"line":26,"column":47},"end":{"line":26,"column":null}}],"line":26},"7":{"loc":{"start":{"line":27,"column":15},"end":{"line":27,"column":null}},"type":"binary-expr","locations":[{"start":{"line":27,"column":15},"end":{"line":27,"column":47}},{"start":{"line":27,"column":47},"end":{"line":27,"column":null}}],"line":27}},"s":{"0":1,"1":5,"2":1,"3":4,"4":4,"5":4,"6":4,"7":4,"8":4,"9":3,"10":1,"11":2,"12":2,"13":1,"14":1},"f":{"0":5,"1":1},"b":{"0":[1,4],"1":[1,2],"2":[2,1],"3":[1,0],"4":[1,0],"5":[1,0],"6":[1,0],"7":[1,0]},"meta":{"lastBranch":8,"lastFunction":2,"lastStatement":15,"seen":{"s:3:16:3:Infinity":0,"f:6:22:6:36":0,"b:7:2:7:Infinity:undefined:undefined:undefined:undefined":0,"s:7:2:7:Infinity":1,"s:7:31:7:Infinity":2,"s:9:14:9:30":3,"s:10:2:10:Infinity":4,"s:11:2:11:Infinity":5,"s:12:2:12:Infinity":6,"s:14:2:32:Infinity":7,"s:15:16:15:55":8,"b:16:4:16:Infinity:undefined:undefined:undefined:undefined":1,"s:16:4:16:Infinity":9,"s:16:17:16:Infinity":10,"s:17:17:17:33":11,"s:19:4:30:Infinity":12,"b:19:12:19:29:19:29:19:31":2,"f:21:7:21:36":1,"s:21:36:29:Infinity":13,"b:22:21:22:44:22:44:22:Infinity":3,"b:23:21:23:44:23:44:23:Infinity":4,"b:24:21:24:44:24:44:24:Infinity":5,"b:26:15:26:47:26:47:26:Infinity":6,"b:27:15:27:47:27:47:27:Infinity":7,"s:32:4:32:Infinity":14}}}
,"/Users/mathieubobin/Documents/Place handicapée/lyon-pmr/src/api/grandlyon.ts": {"path":"/Users/mathieubobin/Documents/Place handicapée/lyon-pmr/src/api/grandlyon.ts","statementMap":{"0":{"start":{"line":3,"column":16},"end":{"line":3,"column":null}},"1":{"start":{"line":4,"column":17},"end":{"line":4,"column":null}},"2":{"start":{"line":5,"column":19},"end":{"line":5,"column":null}},"3":{"start":{"line":8,"column":27},"end":{"line":8,"column":null}},"4":{"start":{"line":11,"column":41},"end":{"line":22,"column":null}},"5":{"start":{"line":26,"column":8},"end":{"line":26,"column":37}},"6":{"start":{"line":27,"column":2},"end":{"line":27,"column":null}},"7":{"start":{"line":27,"column":29},"end":{"line":27,"column":null}},"8":{"start":{"line":28,"column":2},"end":{"line":28,"column":null}},"9":{"start":{"line":28,"column":29},"end":{"line":28,"column":null}},"10":{"start":{"line":29,"column":2},"end":{"line":29,"column":null}},"11":{"start":{"line":29,"column":46},"end":{"line":29,"column":null}},"12":{"start":{"line":30,"column":2},"end":{"line":30,"column":null}},"13":{"start":{"line":35,"column":2},"end":{"line":55,"column":null}},"14":{"start":{"line":36,"column":14},"end":{"line":36,"column":38}},"15":{"start":{"line":37,"column":23},"end":{"line":37,"column":68}},"16":{"start":{"line":38,"column":4},"end":{"line":38,"column":null}},"17":{"start":{"line":38,"column":38},"end":{"line":38,"column":null}},"18":{"start":{"line":40,"column":4},"end":{"line":53,"column":null}},"19":{"start":{"line":55,"column":4},"end":{"line":55,"column":null}},"20":{"start":{"line":61,"column":21},"end":{"line":61,"column":42}},"21":{"start":{"line":62,"column":16},"end":{"line":62,"column":64}},"22":{"start":{"line":62,"column":33},"end":{"line":62,"column":51}},"23":{"start":{"line":64,"column":2},"end":{"line":88,"column":null}},"24":{"start":{"line":65,"column":16},"end":{"line":65,"column":32}},"25":{"start":{"line":66,"column":4},"end":{"line":66,"column":null}},"26":{"start":{"line":67,"column":4},"end":{"line":67,"column":null}},"27":{"start":{"line":68,"column":4},"end":{"line":68,"column":null}},"28":{"start":{"line":69,"column":4},"end":{"line":69,"column":null}},"29":{"start":{"line":70,"column":4},"end":{"line":70,"column":null}},"30":{"start":{"line":72,"column":16},"end":{"line":75,"column":6}},"31":{"start":{"line":77,"column":4},"end":{"line":77,"column":null}},"32":{"start":{"line":77,"column":17},"end":{"line":77,"column":null}},"33":{"start":{"line":78,"column":17},"end":{"line":78,"column":33}},"34":{"start":{"line":80,"column":10},"end":{"line":82,"column":70}},"35":{"start":{"line":82,"column":59},"end":{"line":82,"column":70}},"36":{"start":{"line":84,"column":4},"end":{"line":84,"column":null}},"37":{"start":{"line":86,"column":4},"end":{"line":86,"column":null}},"38":{"start":{"line":88,"column":4},"end":{"line":88,"column":null}}},"fnMap":{"0":{"name":"parseConfiguration","decl":{"start":{"line":25,"column":9},"end":{"line":25,"column":28}},"loc":{"start":{"line":25,"column":82},"end":{"line":30,"column":null}},"line":25},"1":{"name":"featureToParkingSpot","decl":{"start":{"line":34,"column":9},"end":{"line":34,"column":30}},"loc":{"start":{"line":34,"column":64},"end":{"line":55,"column":null}},"line":34},"2":{"name":"fetchParkingSpots","decl":{"start":{"line":60,"column":22},"end":{"line":60,"column":66}},"loc":{"start":{"line":60,"column":66},"end":{"line":88,"column":null}},"line":60},"3":{"name":"(anonymous_3)","decl":{"start":{"line":62,"column":16},"end":{"line":62,"column":33}},"loc":{"start":{"line":62,"column":33},"end":{"line":62,"column":51}},"line":62},"4":{"name":"(anonymous_4)","decl":{"start":{"line":82,"column":7},"end":{"line":82,"column":15}},"loc":{"start":{"line":82,"column":59},"end":{"line":82,"column":70}},"line":82}},"branchMap":{"0":{"loc":{"start":{"line":26,"column":13},"end":{"line":26,"column":24}},"type":"binary-expr","locations":[{"start":{"line":26,"column":13},"end":{"line":26,"column":20}},{"start":{"line":26,"column":20},"end":{"line":26,"column":24}}],"line":26},"1":{"loc":{"start":{"line":27,"column":2},"end":{"line":27,"column":null}},"type":"if","locations":[{"start":{"line":27,"column":2},"end":{"line":27,"column":null}},{"start":{},"end":{}}],"line":27},"2":{"loc":{"start":{"line":28,"column":2},"end":{"line":28,"column":null}},"type":"if","locations":[{"start":{"line":28,"column":2},"end":{"line":28,"column":null}},{"start":{},"end":{}}],"line":28},"3":{"loc":{"start":{"line":29,"column":2},"end":{"line":29,"column":null}},"type":"if","locations":[{"start":{"line":29,"column":2},"end":{"line":29,"column":null}},{"start":{},"end":{}}],"line":29},"4":{"loc":{"start":{"line":29,"column":6},"end":{"line":29,"column":44}},"type":"binary-expr","locations":[{"start":{"line":29,"column":6},"end":{"line":29,"column":23}},{"start":{"line":29,"column":27},"end":{"line":29,"column":44}}],"line":29},"5":{"loc":{"start":{"line":36,"column":14},"end":{"line":36,"column":38}},"type":"binary-expr","locations":[{"start":{"line":36,"column":14},"end":{"line":36,"column":36}},{"start":{"line":36,"column":36},"end":{"line":36,"column":38}}],"line":36},"6":{"loc":{"start":{"line":37,"column":23},"end":{"line":37,"column":68}},"type":"binary-expr","locations":[{"start":{"line":37,"column":23},"end":{"line":37,"column":56}},{"start":{"line":37,"column":56},"end":{"line":37,"column":68}}],"line":37},"7":{"loc":{"start":{"line":38,"column":4},"end":{"line":38,"column":null}},"type":"if","locations":[{"start":{"line":38,"column":4},"end":{"line":38,"column":null}},{"start":{},"end":{}}],"line":38},"8":{"loc":{"start":{"line":38,"column":8},"end":{"line":38,"column":38}},"type":"binary-expr","locations":[{"start":{"line":38,"column":8},"end":{"line":38,"column":24}},{"start":{"line":38,"column":24},"end":{"line":38,"column":38}}],"line":38},"9":{"loc":{"start":{"line":41,"column":21},"end":{"line":41,"column":null}},"type":"binary-expr","locations":[{"start":{"line":41,"column":21},"end":{"line":41,"column":30}},{"start":{"line":41,"column":30},"end":{"line":41,"column":null}}],"line":41},"10":{"loc":{"start":{"line":42,"column":21},"end":{"line":42,"column":null}},"type":"binary-expr","locations":[{"start":{"line":42,"column":21},"end":{"line":42,"column":30}},{"start":{"line":42,"column":30},"end":{"line":42,"column":null}}],"line":42},"11":{"loc":{"start":{"line":44,"column":21},"end":{"line":44,"column":null}},"type":"binary-expr","locations":[{"start":{"line":44,"column":21},"end":{"line":44,"column":34}},{"start":{"line":44,"column":34},"end":{"line":44,"column":null}}],"line":44},"12":{"loc":{"start":{"line":45,"column":28},"end":{"line":45,"column":45}},"type":"binary-expr","locations":[{"start":{"line":45,"column":28},"end":{"line":45,"column":42}},{"start":{"line":45,"column":42},"end":{"line":45,"column":45}}],"line":45},"13":{"loc":{"start":{"line":46,"column":21},"end":{"line":46,"column":null}},"type":"binary-expr","locations":[{"start":{"line":46,"column":21},"end":{"line":46,"column":34}},{"start":{"line":46,"column":34},"end":{"line":46,"column":null}}],"line":46},"14":{"loc":{"start":{"line":47,"column":28},"end":{"line":47,"column":46}},"type":"binary-expr","locations":[{"start":{"line":47,"column":28},"end":{"line":47,"column":44}},{"start":{"line":47,"column":44},"end":{"line":47,"column":46}}],"line":47},"15":{"loc":{"start":{"line":48,"column":28},"end":{"line":48,"column":45}},"type":"binary-expr","locations":[{"start":{"line":48,"column":28},"end":{"line":48,"column":43}},{"start":{"line":48,"column":43},"end":{"line":48,"column":45}}],"line":48},"16":{"loc":{"start":{"line":50,"column":21},"end":{"line":50,"column":null}},"type":"binary-expr","locations":[{"start":{"line":50,"column":21},"end":{"line":50,"column":37}},{"start":{"line":50,"column":37},"end":{"line":50,"column":null}}],"line":50},"17":{"loc":{"start":{"line":51,"column":21},"end":{"line":51,"column":null}},"type":"binary-expr","locations":[{"start":{"line":51,"column":21},"end":{"line":51,"column":34}},{"start":{"line":51,"column":34},"end":{"line":51,"column":null}}],"line":51},"18":{"loc":{"start":{"line":52,"column":21},"end":{"line":52,"column":null}},"type":"binary-expr","locations":[{"start":{"line":52,"column":21},"end":{"line":52,"column":42}},{"start":{"line":52,"column":42},"end":{"line":52,"column":null}}],"line":52},"19":{"loc":{"start":{"line":77,"column":4},"end":{"line":77,"column":null}},"type":"if","locations":[{"start":{"line":77,"column":4},"end":{"line":77,"column":null}},{"start":{},"end":{}}],"line":77},"20":{"loc":{"start":{"line":80,"column":19},"end":{"line":80,"column":38}},"type":"binary-expr","locations":[{"start":{"line":80,"column":19},"end":{"line":80,"column":36}},{"start":{"line":80,"column":36},"end":{"line":80,"column":38}}],"line":80},"21":{"loc":{"start":{"line":84,"column":11},"end":{"line":84,"column":null}},"type":"cond-expr","locations":[{"start":{"line":84,"column":30},"end":{"line":84,"column":38}},{"start":{"line":84,"column":38},"end":{"line":84,"column":null}}],"line":84}},"s":{"0":1,"1":1,"2":1,"3":1,"4":1,"5":2,"6":2,"7":1,"8":1,"9":0,"10":1,"11":0,"12":1,"13":3,"14":3,"15":3,"16":3,"17":1,"18":2,"19":0,"20":4,"21":4,"22":0,"23":4,"24":4,"25":4,"26":4,"27":4,"28":4,"29":4,"30":4,"31":3,"32":3,"33":2,"34":2,"35":3,"36":4,"37":2,"38":4},"f":{"0":2,"1":3,"2":4,"3":0,"4":3},"b":{"0":[2,1],"1":[1,1],"2":[0,1],"3":[0,1],"4":[1,1],"5":[3,0],"6":[3,1],"7":[1,2],"8":[3,2],"9":[2,0],"10":[3,1],"11":[3,0],"12":[3,1],"13":[3,1],"14":[3,1],"15":[3,0],"16":[3,2],"17":[3,2],"18":[3,0],"19":[1,2],"20":[2,0],"21":[2,0]},"meta":{"lastBranch":22,"lastFunction":5,"lastStatement":39,"seen":{"s:3:16:3:Infinity":0,"s:4:17:4:Infinity":1,"s:5:19:5:Infinity":2,"s:8:27:8:Infinity":3,"s:11:41:22:Infinity":4,"f:25:9:25:28":0,"s:26:8:26:37":5,"b:26:13:26:20:26:20:26:24":0,"b:27:2:27:Infinity:undefined:undefined:undefined:undefined":1,"s:27:2:27:Infinity":6,"s:27:29:27:Infinity":7,"b:28:2:28:Infinity:undefined:undefined:undefined:undefined":2,"s:28:2:28:Infinity":8,"s:28:29:28:Infinity":9,"b:29:2:29:Infinity:undefined:undefined:undefined:undefined":3,"s:29:2:29:Infinity":10,"b:29:6:29:23:29:27:29:44":4,"s:29:46:29:Infinity":11,"s:30:2:30:Infinity":12,"f:34:9:34:30":1,"s:35:2:55:Infinity":13,"s:36:14:36:38":14,"b:36:14:36:36:36:36:36:38":5,"s:37:23:37:68":15,"b:37:23:37:56:37:56:37:68":6,"b:38:4:38:Infinity:undefined:undefined:undefined:undefined":7,"s:38:4:38:Infinity":16,"b:38:8:38:24:38:24:38:38":8,"s:38:38:38:Infinity":17,"s:40:4:53:Infinity":18,"b:41:21:41:30:41:30:41:Infinity":9,"b:42:21:42:30:42:30:42:Infinity":10,"b:44:21:44:34:44:34:44:Infinity":11,"b:45:28:45:42:45:42:45:45":12,"b:46:21:46:34:46:34:46:Infinity":13,"b:47:28:47:44:47:44:47:46":14,"b:48:28:48:43:48:43:48:45":15,"b:50:21:50:37:50:37:50:Infinity":16,"b:51:21:51:34:51:34:51:Infinity":17,"b:52:21:52:42:52:42:52:Infinity":18,"s:55:4:55:Infinity":19,"f:60:22:60:66":2,"s:61:21:61:42":20,"s:62:16:62:64":21,"f:62:16:62:33":3,"s:62:33:62:51":22,"s:64:2:88:Infinity":23,"s:65:16:65:32":24,"s:66:4:66:Infinity":25,"s:67:4:67:Infinity":26,"s:68:4:68:Infinity":27,"s:69:4:69:Infinity":28,"s:70:4:70:Infinity":29,"s:72:16:75:6":30,"b:77:4:77:Infinity:undefined:undefined:undefined:undefined":19,"s:77:4:77:Infinity":31,"s:77:17:77:Infinity":32,"s:78:17:78:33":33,"s:80:10:82:70":34,"b:80:19:80:36:80:36:80:38":20,"f:82:7:82:15":4,"s:82:59:82:70":35,"s:84:4:84:Infinity":36,"b:84:30:84:38:84:38:84:Infinity":21,"s:86:4:86:Infinity":37,"s:88:4:88:Infinity":38}}}
,"/Users/mathieubobin/Documents/Place handicapée/lyon-pmr/src/lib/distance.ts": {"path":"/Users/mathieubobin/Documents/Place handicapée/lyon-pmr/src/lib/distance.ts","statementMap":{"0":{"start":{"line":3,"column":10},"end":{"line":3,"column":null}},"1":{"start":{"line":7,"column":8},"end":{"line":7,"column":null}},"2":{"start":{"line":7,"column":34},"end":{"line":7,"column":null}},"3":{"start":{"line":8,"column":15},"end":{"line":8,"column":35}},"4":{"start":{"line":9,"column":15},"end":{"line":9,"column":35}},"5":{"start":{"line":10,"column":17},"end":{"line":10,"column":35}},"6":{"start":{"line":11,"column":17},"end":{"line":11,"column":35}},"7":{"start":{"line":13,"column":4},"end":{"line":14,"column":null}},"8":{"start":{"line":15,"column":2},"end":{"line":15,"column":null}},"9":{"start":{"line":19,"column":2},"end":{"line":19,"column":null}},"10":{"start":{"line":19,"column":22},"end":{"line":19,"column":null}},"11":{"start":{"line":20,"column":2},"end":{"line":20,"column":null}},"12":{"start":{"line":24,"column":18},"end":{"line":24,"column":41}},"13":{"start":{"line":25,"column":2},"end":{"line":25,"column":null}},"14":{"start":{"line":25,"column":20},"end":{"line":25,"column":null}},"15":{"start":{"line":26,"column":12},"end":{"line":26,"column":36}},"16":{"start":{"line":27,"column":12},"end":{"line":27,"column":null}},"17":{"start":{"line":28,"column":2},"end":{"line":28,"column":null}}},"fnMap":{"0":{"name":"haversine","decl":{"start":{"line":6,"column":16},"end":{"line":6,"column":26}},"loc":{"start":{"line":6,"column":66},"end":{"line":15,"column":null}},"line":6},"1":{"name":"(anonymous_1)","decl":{"start":{"line":7,"column":8},"end":{"line":7,"column":17}},"loc":{"start":{"line":7,"column":34},"end":{"line":7,"column":null}},"line":7},"2":{"name":"formatDistance","decl":{"start":{"line":18,"column":16},"end":{"line":18,"column":31}},"loc":{"start":{"line":18,"column":55},"end":{"line":20,"column":null}},"line":18},"3":{"name":"formatWalkTime","decl":{"start":{"line":23,"column":16},"end":{"line":23,"column":31}},"loc":{"start":{"line":23,"column":55},"end":{"line":28,"column":null}},"line":23}},"branchMap":{"0":{"loc":{"start":{"line":19,"column":2},"end":{"line":19,"column":null}},"type":"if","locations":[{"start":{"line":19,"column":2},"end":{"line":19,"column":null}},{"start":{},"end":{}}],"line":19},"1":{"loc":{"start":{"line":25,"column":2},"end":{"line":25,"column":null}},"type":"if","locations":[{"start":{"line":25,"column":2},"end":{"line":25,"column":null}},{"start":{},"end":{}}],"line":25},"2":{"loc":{"start":{"line":28,"column":9},"end":{"line":28,"column":null}},"type":"cond-expr","locations":[{"start":{"line":28,"column":13},"end":{"line":28,"column":52}},{"start":{"line":28,"column":52},"end":{"line":28,"column":null}}],"line":28}},"s":{"0":1,"1":4,"2":16,"3":4,"4":4,"5":4,"6":4,"7":4,"8":4,"9":2,"10":1,"11":1,"12":2,"13":2,"14":1,"15":1,"16":1,"17":1},"f":{"0":4,"1":16,"2":2,"3":2},"b":{"0":[1,1],"1":[1,1],"2":[1,0]},"meta":{"lastBranch":3,"lastFunction":4,"lastStatement":18,"seen":{"s:3:10:3:Infinity":0,"f:6:16:6:26":0,"s:7:8:7:Infinity":1,"f:7:8:7:17":1,"s:7:34:7:Infinity":2,"s:8:15:8:35":3,"s:9:15:9:35":4,"s:10:17:10:35":5,"s:11:17:11:35":6,"s:13:4:14:Infinity":7,"s:15:2:15:Infinity":8,"f:18:16:18:31":2,"b:19:2:19:Infinity:undefined:undefined:undefined:undefined":0,"s:19:2:19:Infinity":9,"s:19:22:19:Infinity":10,"s:20:2:20:Infinity":11,"f:23:16:23:31":3,"s:24:18:24:41":12,"b:25:2:25:Infinity:undefined:undefined:undefined:undefined":1,"s:25:2:25:Infinity":13,"s:25:20:25:Infinity":14,"s:26:12:26:36":15,"s:27:12:27:Infinity":16,"s:28:2:28:Infinity":17,"b:28:13:28:52:28:52:28:Infinity":2}}}
,"/Users/mathieubobin/Documents/Place handicapée/lyon-pmr/src/lib/routing.ts": {"path":"/Users/mathieubobin/Documents/Place handicapée/lyon-pmr/src/lib/routing.ts","statementMap":{"0":{"start":{"line":6,"column":2},"end":{"line":6,"column":null}},"1":{"start":{"line":11,"column":23},"end":{"line":11,"column":null}},"2":{"start":{"line":12,"column":2},"end":{"line":18,"column":null}},"3":{"start":{"line":14,"column":6},"end":{"line":14,"column":null}},"4":{"start":{"line":16,"column":6},"end":{"line":16,"column":null}},"5":{"start":{"line":18,"column":6},"end":{"line":18,"column":null}},"6":{"start":{"line":24,"column":2},"end":{"line":24,"column":null}},"7":{"start":{"line":27,"column":72},"end":{"line":31,"column":null}}},"fnMap":{"0":{"name":"isIOS","decl":{"start":{"line":5,"column":9},"end":{"line":5,"column":26}},"loc":{"start":{"line":5,"column":26},"end":{"line":6,"column":null}},"line":5},"1":{"name":"buildNavUrl","decl":{"start":{"line":10,"column":16},"end":{"line":10,"column":28}},"loc":{"start":{"line":10,"column":70},"end":{"line":18,"column":null}},"line":10},"2":{"name":"detectDefaultNavApp","decl":{"start":{"line":23,"column":16},"end":{"line":23,"column":46}},"loc":{"start":{"line":23,"column":46},"end":{"line":24,"column":null}},"line":23}},"branchMap":{"0":{"loc":{"start":{"line":6,"column":9},"end":{"line":6,"column":null}},"type":"binary-expr","locations":[{"start":{"line":6,"column":9},"end":{"line":6,"column":53}},{"start":{"line":6,"column":57},"end":{"line":6,"column":null}}],"line":6},"1":{"loc":{"start":{"line":12,"column":2},"end":{"line":18,"column":null}},"type":"switch","locations":[{"start":{"line":13,"column":4},"end":{"line":14,"column":null}},{"start":{"line":15,"column":4},"end":{"line":16,"column":null}},{"start":{"line":17,"column":4},"end":{"line":18,"column":null}}],"line":12},"2":{"loc":{"start":{"line":24,"column":9},"end":{"line":24,"column":null}},"type":"cond-expr","locations":[{"start":{"line":24,"column":19},"end":{"line":24,"column":29}},{"start":{"line":24,"column":29},"end":{"line":24,"column":null}}],"line":24}},"s":{"0":0,"1":3,"2":3,"3":1,"4":1,"5":1,"6":0,"7":1},"f":{"0":0,"1":3,"2":0},"b":{"0":[0,0],"1":[1,1,1],"2":[0,0]},"meta":{"lastBranch":3,"lastFunction":3,"lastStatement":8,"seen":{"f:5:9:5:26":0,"s:6:2:6:Infinity":0,"b:6:9:6:53:6:57:6:Infinity":0,"f:10:16:10:28":1,"s:11:23:11:Infinity":1,"b:13:4:14:Infinity:15:4:16:Infinity:17:4:18:Infinity":1,"s:12:2:18:Infinity":2,"s:14:6:14:Infinity":3,"s:16:6:16:Infinity":4,"s:18:6:18:Infinity":5,"f:23:16:23:46":2,"s:24:2:24:Infinity":6,"b:24:19:24:29:24:29:24:Infinity":2,"s:27:72:31:Infinity":7}}}
,"/Users/mathieubobin/Documents/Place handicapée/lyon-pmr/src/lib/storage.ts": {"path":"/Users/mathieubobin/Documents/Place handicapée/lyon-pmr/src/lib/storage.ts","statementMap":{"0":{"start":{"line":3,"column":13},"end":{"line":8,"column":null}},"1":{"start":{"line":11,"column":2},"end":{"line":15,"column":null}},"2":{"start":{"line":12,"column":16},"end":{"line":12,"column":41}},"3":{"start":{"line":13,"column":4},"end":{"line":13,"column":null}},"4":{"start":{"line":15,"column":4},"end":{"line":15,"column":null}},"5":{"start":{"line":20,"column":2},"end":{"line":22,"column":null}},"6":{"start":{"line":21,"column":4},"end":{"line":21,"column":null}},"7":{"start":{"line":27,"column":23},"end":{"line":36,"column":null}},"8":{"start":{"line":28,"column":36},"end":{"line":28,"column":71}},"9":{"start":{"line":29,"column":38},"end":{"line":29,"column":60}},"10":{"start":{"line":30,"column":36},"end":{"line":30,"column":70}},"11":{"start":{"line":31,"column":36},"end":{"line":31,"column":57}},"12":{"start":{"line":32,"column":36},"end":{"line":32,"column":74}},"13":{"start":{"line":33,"column":36},"end":{"line":33,"column":57}},"14":{"start":{"line":34,"column":36},"end":{"line":34,"column":67}},"15":{"start":{"line":35,"column":36},"end":{"line":35,"column":null}}},"fnMap":{"0":{"name":"get","decl":{"start":{"line":10,"column":9},"end":{"line":10,"column":16}},"loc":{"start":{"line":10,"column":45},"end":{"line":15,"column":null}},"line":10},"1":{"name":"set","decl":{"start":{"line":19,"column":9},"end":{"line":19,"column":16}},"loc":{"start":{"line":19,"column":45},"end":{"line":22,"column":null}},"line":19},"2":{"name":"(anonymous_2)","decl":{"start":{"line":28,"column":2},"end":{"line":28,"column":36}},"loc":{"start":{"line":28,"column":36},"end":{"line":28,"column":71}},"line":28},"3":{"name":"(anonymous_3)","decl":{"start":{"line":29,"column":2},"end":{"line":29,"column":20}},"loc":{"start":{"line":29,"column":38},"end":{"line":29,"column":60}},"line":29},"4":{"name":"(anonymous_4)","decl":{"start":{"line":30,"column":2},"end":{"line":30,"column":36}},"loc":{"start":{"line":30,"column":36},"end":{"line":30,"column":70}},"line":30},"5":{"name":"(anonymous_5)","decl":{"start":{"line":31,"column":2},"end":{"line":31,"column":20}},"loc":{"start":{"line":31,"column":36},"end":{"line":31,"column":57}},"line":31},"6":{"name":"(anonymous_6)","decl":{"start":{"line":32,"column":2},"end":{"line":32,"column":36}},"loc":{"start":{"line":32,"column":36},"end":{"line":32,"column":74}},"line":32},"7":{"name":"(anonymous_7)","decl":{"start":{"line":33,"column":2},"end":{"line":33,"column":20}},"loc":{"start":{"line":33,"column":36},"end":{"line":33,"column":57}},"line":33},"8":{"name":"(anonymous_8)","decl":{"start":{"line":34,"column":2},"end":{"line":34,"column":36}},"loc":{"start":{"line":34,"column":36},"end":{"line":34,"column":67}},"line":34},"9":{"name":"(anonymous_9)","decl":{"start":{"line":35,"column":2},"end":{"line":35,"column":36}},"loc":{"start":{"line":35,"column":36},"end":{"line":35,"column":null}},"line":35}},"branchMap":{"0":{"loc":{"start":{"line":13,"column":11},"end":{"line":13,"column":null}},"type":"cond-expr","locations":[{"start":{"line":13,"column":27},"end":{"line":13,"column":42}},{"start":{"line":13,"column":51},"end":{"line":13,"column":null}}],"line":13}},"s":{"0":1,"1":10,"2":10,"3":10,"4":0,"5":5,"6":5,"7":1,"8":2,"9":1,"10":2,"11":1,"12":2,"13":1,"14":2,"15":2},"f":{"0":10,"1":5,"2":2,"3":1,"4":2,"5":1,"6":2,"7":1,"8":2,"9":2},"b":{"0":[5,5]},"meta":{"lastBranch":1,"lastFunction":10,"lastStatement":16,"seen":{"s:3:13:8:Infinity":0,"f:10:9:10:16":0,"s:11:2:15:Infinity":1,"s:12:16:12:41":2,"s:13:4:13:Infinity":3,"b:13:27:13:42:13:51:13:Infinity":0,"s:15:4:15:Infinity":4,"f:19:9:19:16":1,"s:20:2:22:Infinity":5,"s:21:4:21:Infinity":6,"s:27:23:36:Infinity":7,"f:28:2:28:36":2,"s:28:36:28:71":8,"f:29:2:29:20":3,"s:29:38:29:60":9,"f:30:2:30:36":4,"s:30:36:30:70":10,"f:31:2:31:20":5,"s:31:36:31:57":11,"f:32:2:32:36":6,"s:32:36:32:74":12,"f:33:2:33:20":7,"s:33:36:33:57":13,"f:34:2:34:36":8,"s:34:36:34:67":14,"f:35:2:35:36":9,"s:35:36:35:Infinity":15}}}
}
